
SQL*Loader: Release 18.0.0.0.0 - Production on Mon Apr 4 20:10:02 2022
Version 18.4.0.0.0

Copyright (c) 1982, 2019, Oracle and/or its affiliates.  All rights reserved.

Control File:   ./OfficeHours.ctl
Character Set UTF8 specified for all input.

Data File:      OfficeHours.csv
  Bad File:     ./OfficeHours.bad
  Discard File:  none specified
 
 (Allow all discards)

Number to load: ALL
Number to skip: 1
Errors allowed: 50
Bind array:     250 rows, maximum of 1048576 bytes
Continuation:    none specified
Path used:      Conventional

Table INFERNAL.OFFICEHOURS2, loaded from every logical record.
Insert option in effect for this table: INSERT
TRAILING NULLCOLS option in effect

   Column Name                  Position   Len  Term Encl Datatype
------------------------------ ---------- ----- ---- ---- ---------------------
OFFICE_HOURS_ID                     FIRST     *   ;  O(") CHARACTER            
START_TIME                           NEXT     *   ;  O(") DATE YYYY-MM-DD:HH24:MI:SS
END_TIME                             NEXT     *   ;  O(") DATE YYYY-MM-DD:HH24:MI:SS


Table INFERNAL.OFFICEHOURS2:
  14 Rows successfully loaded.
  0 Rows not loaded due to data errors.
  0 Rows not loaded because all WHEN clauses were failed.
  0 Rows not loaded because all fields were null.


Space allocated for bind array:                 193500 bytes(250 rows)
Read   buffer bytes: 1048576

Total logical records skipped:          1
Total logical records read:            14
Total logical records rejected:         0
Total logical records discarded:        0

Run began on Mon Apr 04 20:10:02 2022
Run ended on Mon Apr 04 20:10:02 2022

Elapsed time was:     00:00:00.28
CPU time was:         00:00:00.09
