
SQL*Loader: Release 18.0.0.0.0 - Production on Mon Apr 4 20:27:30 2022
Version 18.4.0.0.0

Copyright (c) 1982, 2019, Oracle and/or its affiliates.  All rights reserved.

Control File:   ./WorkSchedule.ctl
Character Set UTF8 specified for all input.
First primary datafile WorkSchedule.csv has a
 utf8 byte order mark in it.

Data File:      WorkSchedule.csv
  Bad File:     ./WorkSchedule.bad
  Discard File:  none specified
 
 (Allow all discards)

Number to load: ALL
Number to skip: 1
Errors allowed: 50
Bind array:     250 rows, maximum of 1048576 bytes
Continuation:    none specified
Path used:      Conventional

Table INFERNAL.WORKSCHEDULE2, loaded from every logical record.
Insert option in effect for this table: TRUNCATE
TRAILING NULLCOLS option in effect

   Column Name                  Position   Len  Term Encl Datatype
------------------------------ ---------- ----- ---- ---- ---------------------
EMPLOYEE_ID                         FIRST     *   ;  O(") CHARACTER            
DAY_ID                               NEXT     *   ;  O(") CHARACTER            
OFFICE_HOURS_ID                      NEXT     *   ;  O(") CHARACTER            


Table INFERNAL.WORKSCHEDULE2:
  140 Rows successfully loaded.
  0 Rows not loaded due to data errors.
  0 Rows not loaded because all WHEN clauses were failed.
  0 Rows not loaded because all fields were null.


Space allocated for bind array:                 193500 bytes(250 rows)
Read   buffer bytes: 1048576

Total logical records skipped:          1
Total logical records read:           140
Total logical records rejected:         0
Total logical records discarded:        0

Run began on Mon Apr 04 20:27:30 2022
Run ended on Mon Apr 04 20:27:31 2022

Elapsed time was:     00:00:00.98
CPU time was:         00:00:00.09
